<?xml version="1.0" encoding="UTF-8"?>
<!-- Generated by org.testng.reporters.JUnitXMLReporter -->
<testsuite hostname="Nikhilchauhan" name="Default test" tests="1" failures="0" timestamp="14 May 2017 13:54:02 GMT" time="0.111" errors="0">
  <testcase name="@BeforeClass setup" time="0.0" classname="com.gl.smoke.pom.tests.DemoTests">
    <failure type="org.testng.TestNGException" message="
Parameter &amp;apos;browserVer&amp;apos; is required by @Configuration on method setup but has not been marked @Optional or defined
in C:\Users\Nikhil chauhan\AppData\Local\Temp\testng-eclipse--1692133433\testng-customsuite.xml">
      <![CDATA[org.testng.TestNGException: 
Parameter 'browserVer' is required by @Configuration on method setup but has not been marked @Optional or defined
in C:\Users\Nikhil chauhan\AppData\Local\Temp\testng-eclipse--1692133433\testng-customsuite.xml
	at org.testng.internal.Parameters.createParameters(Parameters.java:154)
	at org.testng.internal.Parameters.createParameters(Parameters.java:361)
	at org.testng.internal.Parameters.createConfigurationParameters(Parameters.java:84)
	at org.testng.internal.Invoker.invokeConfigurations(Invoker.java:197)
	at org.testng.internal.Invoker.invokeConfigurations(Invoker.java:138)
	at org.testng.internal.TestMethodWorker.invokeBeforeClassMethods(TestMethodWorker.java:170)
	at org.testng.internal.TestMethodWorker.run(TestMethodWorker.java:104)
	at org.testng.TestRunner.privateRun(TestRunner.java:774)
	at org.testng.TestRunner.run(TestRunner.java:624)
	at org.testng.SuiteRunner.runTest(SuiteRunner.java:359)
	at org.testng.SuiteRunner.runSequentially(SuiteRunner.java:354)
	at org.testng.SuiteRunner.privateRun(SuiteRunner.java:312)
	at org.testng.SuiteRunner.run(SuiteRunner.java:261)
	at org.testng.SuiteRunnerWorker.runSuite(SuiteRunnerWorker.java:52)
	at org.testng.SuiteRunnerWorker.run(SuiteRunnerWorker.java:86)
	at org.testng.TestNG.runSuitesSequentially(TestNG.java:1215)
	at org.testng.TestNG.runSuitesLocally(TestNG.java:1140)
	at org.testng.TestNG.run(TestNG.java:1048)
	at org.testng.remote.AbstractRemoteTestNG.run(AbstractRemoteTestNG.java:132)
	at org.testng.remote.RemoteTestNG.initAndRun(RemoteTestNG.java:236)
	at org.testng.remote.RemoteTestNG.main(RemoteTestNG.java:81)
]]>
    </failure>
  </testcase> <!-- @BeforeClass setup -->
  <testcase name="@AfterClass tearDown" time="0.0" classname="com.gl.smoke.pom.tests.DemoTests">
    <skipped/>
  </testcase> <!-- @AfterClass tearDown -->
  <testcase name="To_Verify_Create_Account_Button" time="0.003" classname="com.gl.smoke.pom.tests.DemoTests">
    <skipped/>
  </testcase> <!-- To_Verify_Create_Account_Button -->
</testsuite> <!-- Default test -->
